<?xml version="1.0" encoding="UTF-8"?>
<testng-results skipped="0" failed="0" total="1" passed="1">
  <reporter-output>
  </reporter-output>
  <suite name="Master Suite" duration-ms="39" started-at="2018-01-14T01:58:34Z" finished-at="2018-01-14T01:58:34Z">
    <groups>
    </groups>
    <test name="Test 1- Amazon" duration-ms="39" started-at="2018-01-14T01:58:34Z" finished-at="2018-01-14T01:58:34Z">
      <class name="amazonPackage.AmazonSample">
        <test-method status="PASS" signature="Sample()[pri:0, instance:amazonPackage.AmazonSample@4cb2c100]" name="Sample" duration-ms="14" started-at="2018-01-13T19:58:34Z" finished-at="2018-01-13T19:58:34Z">
          <reporter-output>
          </reporter-output>
        </test-method> <!-- Sample -->
      </class> <!-- amazonPackage.AmazonSample -->
    </test> <!-- Test 1- Amazon -->
  </suite> <!-- Master Suite -->
</testng-results>
